<?xml version="1.0" encoding="utf-8"?><testsuites name="pytest tests"><testsuite name="pytest" errors="0" failures="0" skipped="0" tests="19" time="4.694" timestamp="2026-06-22T08:47:16.698653+00:00" hostname="agent-env-a094243f-b485-453f-898c-ad8255ac5b48"><testcase classname="backend.tests.backend_test" name="test_health" time="0.183" /><testcase classname="backend.tests.backend_test" name="test_list_products_seeded" time="0.051" /><testcase classname="backend.tests.backend_test" name="test_list_products_category_filter" time="0.059" /><testcase classname="backend.tests.backend_test" name="test_get_product_by_id" time="0.131" /><testcase classname="backend.tests.backend_test" name="test_get_product_404" time="0.053" /><testcase classname="backend.tests.backend_test" name="test_get_bank_info" time="0.045" /><testcase classname="backend.tests.backend_test" name="test_guest_login_and_me_and_logout" time="0.514" /><testcase classname="backend.tests.backend_test" name="test_guest_login_empty_name" time="0.042" /><testcase classname="backend.tests.backend_test" name="test_phone_auth_creates_user" time="0.048" /><testcase classname="backend.tests.backend_test" name="test_admin_login_success" time="0.048" /><testcase classname="backend.tests.backend_test" name="test_admin_login_wrong_password" time="0.043" /><testcase classname="backend.tests.backend_test" name="test_admin_me" time="0.098" /><testcase classname="backend.tests.backend_test" name="test_admin_me_no_token" time="0.043" /><testcase classname="backend.tests.backend_test" name="test_product_crud_flow" time="0.400" /><testcase classname="backend.tests.backend_test" name="test_bank_info_update" time="0.157" /><testcase classname="backend.tests.backend_test" name="test_bank_info_non_admin_blocked" time="0.044" /><testcase classname="backend.tests.backend_test" name="test_orders_flow" time="0.431" /><testcase classname="backend.tests.backend_test" name="test_orders_invalid_product" time="0.080" /><testcase classname="backend.tests.backend_test" name="test_trades_flow" time="2.007" /></testsuite></testsuites>